0 verbose cli /Users/jairflores/.nvm/versions/node/v22.22.0/bin/node /Users/jairflores/.nvm/versions/node/v22.22.0/bin/npm
1 info using npm@10.9.4
2 info using node@v22.22.0
3 silly config load:file:/Users/jairflores/.nvm/versions/node/v22.22.0/lib/node_modules/npm/npmrc
4 silly config load:file:/Users/jairflores/Downloads/sychat/web/.npmrc
5 silly config load:file:/Users/jairflores/.npmrc
6 silly config load:file:/Users/jairflores/.nvm/versions/node/v22.22.0/etc/npmrc
7 verbose title npm i @types/phoenix
8 verbose argv "i" "--save-dev" "@types/phoenix"
9 verbose logfile logs-max:10 dir:/Users/jairflores/Downloads/sychat/web/.npm-cache/_logs/2026-03-03T19_28_01_853Z-
10 verbose logfile /Users/jairflores/Downloads/sychat/web/.npm-cache/_logs/2026-03-03T19_28_01_853Z-debug-0.log
11 silly logfile start cleaning logs, removing 1 files
12 silly packumentCache heap:2197815296 maxSize:549453824 maxEntrySize:274726912
13 silly logfile done cleaning log files
14 silly idealTree buildDeps
15 silly fetch manifest @types/phoenix@*
16 silly packumentCache full:https://registry.npmjs.org/@types%2fphoenix cache-miss
17 http fetch GET 200 https://registry.npmjs.org/@types%2fphoenix 1834ms (cache miss)
18 silly packumentCache full:https://registry.npmjs.org/@types%2fphoenix set size:undefined disposed:false
19 silly placeDep ROOT @types/phoenix@1.6.7 OK for: web@0.1.0 want: *
20 silly reify moves {}
21 verbose reify failed optional dependency /Users/jairflores/Downloads/sychat/web/node_modules/@tailwindcss/oxide-wasm32-wasi
22 silly reify mark deleted [
22 silly reify   '/Users/jairflores/Downloads/sychat/web/node_modules/@tailwindcss/oxide-wasm32-wasi'
22 silly reify ]
23 silly audit bulk request {
23 silly audit   '@alloc/quick-lru': [ '5.2.0' ],
23 silly audit   '@babel/code-frame': [ '7.29.0' ],
23 silly audit   '@babel/compat-data': [ '7.29.0' ],
23 silly audit   '@babel/core': [ '7.29.0' ],
23 silly audit   '@babel/generator': [ '7.29.1' ],
23 silly audit   '@babel/helper-compilation-targets': [ '7.28.6' ],
23 silly audit   '@babel/helper-globals': [ '7.28.0' ],
23 silly audit   '@babel/helper-module-imports': [ '7.28.6' ],
23 silly audit   '@babel/helper-module-transforms': [ '7.28.6' ],
23 silly audit   '@babel/helper-string-parser': [ '7.27.1' ],
23 silly audit   '@babel/helper-validator-identifier': [ '7.28.5' ],
23 silly audit   '@babel/helper-validator-option': [ '7.27.1' ],
23 silly audit   '@babel/helpers': [ '7.28.6' ],
23 silly audit   '@babel/parser': [ '7.29.0' ],
23 silly audit   '@babel/template': [ '7.28.6' ],
23 silly audit   '@babel/traverse': [ '7.29.0' ],
23 silly audit   '@babel/types': [ '7.29.0' ],
23 silly audit   '@emnapi/core': [ '1.8.1' ],
23 silly audit   '@emnapi/runtime': [ '1.8.1' ],
23 silly audit   '@emnapi/wasi-threads': [ '1.1.0' ],
23 silly audit   '@eslint-community/eslint-utils': [ '4.9.1' ],
23 silly audit   'eslint-visitor-keys': [ '3.4.3', '5.0.1', '4.2.1' ],
23 silly audit   '@eslint-community/regexpp': [ '4.12.2' ],
23 silly audit   '@eslint/config-array': [ '0.21.1' ],
23 silly audit   '@eslint/config-helpers': [ '0.4.2' ],
23 silly audit   '@eslint/core': [ '0.17.0' ],
23 silly audit   '@eslint/eslintrc': [ '3.3.4' ],
23 silly audit   '@eslint/js': [ '9.39.3' ],
23 silly audit   '@eslint/object-schema': [ '2.1.7' ],
23 silly audit   '@eslint/plugin-kit': [ '0.4.1' ],
23 silly audit   '@heroicons/react': [ '2.2.0' ],
23 silly audit   '@humanfs/core': [ '0.19.1' ],
23 silly audit   '@humanfs/node': [ '0.16.7' ],
23 silly audit   '@humanwhocodes/module-importer': [ '1.0.1' ],
23 silly audit   '@humanwhocodes/retry': [ '0.4.3' ],
23 silly audit   '@img/colour': [ '1.0.0' ],
23 silly audit   '@img/sharp-darwin-arm64': [ '0.34.5' ],
23 silly audit   '@img/sharp-darwin-x64': [ '0.34.5' ],
23 silly audit   '@img/sharp-libvips-darwin-arm64': [ '1.2.4' ],
23 silly audit   '@img/sharp-libvips-darwin-x64': [ '1.2.4' ],
23 silly audit   '@img/sharp-libvips-linux-arm': [ '1.2.4' ],
23 silly audit   '@img/sharp-libvips-linux-arm64': [ '1.2.4' ],
23 silly audit   '@img/sharp-libvips-linux-ppc64': [ '1.2.4' ],
23 silly audit   '@img/sharp-libvips-linux-riscv64': [ '1.2.4' ],
23 silly audit   '@img/sharp-libvips-linux-s390x': [ '1.2.4' ],
23 silly audit   '@img/sharp-libvips-linux-x64': [ '1.2.4' ],
23 silly audit   '@img/sharp-libvips-linuxmusl-arm64': [ '1.2.4' ],
23 silly audit   '@img/sharp-libvips-linuxmusl-x64': [ '1.2.4' ],
23 silly audit   '@img/sharp-linux-arm': [ '0.34.5' ],
23 silly audit   '@img/sharp-linux-arm64': [ '0.34.5' ],
23 silly audit   '@img/sharp-linux-ppc64': [ '0.34.5' ],
23 silly audit   '@img/sharp-linux-riscv64': [ '0.34.5' ],
23 silly audit   '@img/sharp-linux-s390x': [ '0.34.5' ],
23 silly audit   '@img/sharp-linux-x64': [ '0.34.5' ],
23 silly audit   '@img/sharp-linuxmusl-arm64': [ '0.34.5' ],
23 silly audit   '@img/sharp-linuxmusl-x64': [ '0.34.5' ],
23 silly audit   '@img/sharp-wasm32': [ '0.34.5' ],
23 silly audit   '@img/sharp-win32-arm64': [ '0.34.5' ],
23 silly audit   '@img/sharp-win32-ia32': [ '0.34.5' ],
23 silly audit   '@img/sharp-win32-x64': [ '0.34.5' ],
23 silly audit   '@jridgewell/gen-mapping': [ '0.3.13' ],
23 silly audit   '@jridgewell/remapping': [ '2.3.5' ],
23 silly audit   '@jridgewell/resolve-uri': [ '3.1.2' ],
23 silly audit   '@jridgewell/sourcemap-codec': [ '1.5.5' ],
23 silly audit   '@jridgewell/trace-mapping': [ '0.3.31' ],
23 silly audit   '@napi-rs/wasm-runtime': [ '0.2.12' ],
23 silly audit   '@next/env': [ '16.1.6' ],
23 silly audit   '@next/eslint-plugin-next': [ '16.1.6' ],
23 silly audit   '@next/swc-darwin-arm64': [ '16.1.6' ],
23 silly audit   '@next/swc-darwin-x64': [ '16.1.6' ],
23 silly audit   '@next/swc-linux-arm64-gnu': [ '16.1.6' ],
23 silly audit   '@next/swc-linux-arm64-musl': [ '16.1.6' ],
23 silly audit   '@next/swc-linux-x64-gnu': [ '16.1.6' ],
23 silly audit   '@next/swc-linux-x64-musl': [ '16.1.6' ],
23 silly audit   '@next/swc-win32-arm64-msvc': [ '16.1.6' ],
23 silly audit   '@next/swc-win32-x64-msvc': [ '16.1.6' ],
23 silly audit   '@nodelib/fs.scandir': [ '2.1.5' ],
23 silly audit   '@nodelib/fs.stat': [ '2.0.5' ],
23 silly audit   '@nodelib/fs.walk': [ '1.2.8' ],
23 silly audit   '@nolyfill/is-core-module': [ '1.0.39' ],
23 silly audit   '@rtsao/scc': [ '1.1.0' ],
23 silly audit   '@swc/helpers': [ '0.5.15' ],
23 silly audit   '@tailwindcss/node': [ '4.2.1' ],
23 silly audit   '@tailwindcss/oxide': [ '4.2.1' ],
23 silly audit   '@tailwindcss/oxide-android-arm64': [ '4.2.1' ],
23 silly audit   '@tailwindcss/oxide-darwin-arm64': [ '4.2.1' ],
23 silly audit   '@tailwindcss/oxide-darwin-x64': [ '4.2.1' ],
23 silly audit   '@tailwindcss/oxide-freebsd-x64': [ '4.2.1' ],
23 silly audit   '@tailwindcss/oxide-linux-arm-gnueabihf': [ '4.2.1' ],
23 silly audit   '@tailwindcss/oxide-linux-arm64-gnu': [ '4.2.1' ],
23 silly audit   '@tailwindcss/oxide-linux-arm64-musl': [ '4.2.1' ],
23 silly audit   '@tailwindcss/oxide-linux-x64-gnu': [ '4.2.1' ],
23 silly audit   '@tailwindcss/oxide-linux-x64-musl': [ '4.2.1' ],
23 silly audit   '@tailwindcss/oxide-win32-arm64-msvc': [ '4.2.1' ],
23 silly audit   '@tailwindcss/oxide-win32-x64-msvc': [ '4.2.1' ],
23 silly audit   '@tailwindcss/postcss': [ '4.2.1' ],
23 silly audit   '@tanstack/query-core': [ '5.90.20' ],
23 silly audit   '@tanstack/react-query': [ '5.90.21' ],
23 silly audit   '@tybys/wasm-util': [ '0.10.1' ],
23 silly audit   '@types/debug': [ '4.1.12' ],
23 silly audit   '@types/estree': [ '1.0.8' ],
23 silly audit   '@types/estree-jsx': [ '1.0.5' ],
23 silly audit   '@types/hast': [ '3.0.4' ],
23 silly audit   '@types/json-schema': [ '7.0.15' ],
23 silly audit   '@types/json5': [ '0.0.29' ],
23 silly audit   '@types/mdast': [ '4.0.4' ],
23 silly audit   '@types/ms': [ '2.1.0' ],
23 silly audit   '@types/node': [ '20.19.35' ],
23 silly audit   '@types/react': [ '19.2.14' ],
23 silly audit   '@types/react-dom': [ '19.2.3' ],
23 silly audit   '@types/react-window': [ '1.8.8' ],
23 silly audit   '@types/unist': [ '3.0.3', '2.0.11' ],
23 silly audit   '@typescript-eslint/eslint-plugin': [ '8.56.1' ],
23 silly audit   ignore: [ '7.0.5', '5.3.2' ],
23 silly audit   '@typescript-eslint/parser': [ '8.56.1' ],
23 silly audit   '@typescript-eslint/project-service': [ '8.56.1' ],
23 silly audit   '@typescript-eslint/scope-manager': [ '8.56.1' ],
23 silly audit   '@typescript-eslint/tsconfig-utils': [ '8.56.1' ],
23 silly audit   '@typescript-eslint/type-utils': [ '8.56.1' ],
23 silly audit   '@typescript-eslint/types': [ '8.56.1' ],
23 silly audit   '@typescript-eslint/typescript-estree': [ '8.56.1' ],
23 silly audit   'balanced-match': [ '4.0.4', '1.0.2' ],
23 silly audit   'brace-expansion': [ '5.0.4', '1.1.12' ],
23 silly audit   minimatch: [ '10.2.4', '3.1.5' ],
23 silly audit   semver: [ '7.7.4', '6.3.1' ],
23 silly audit   '@typescript-eslint/utils': [ '8.56.1' ],
23 silly audit   '@typescript-eslint/visitor-keys': [ '8.56.1' ],
23 silly audit   '@ungap/structured-clone': [ '1.3.0' ],
23 silly audit   '@unrs/resolver-binding-android-arm-eabi': [ '1.11.1' ],
23 silly audit   '@unrs/resolver-binding-android-arm64': [ '1.11.1' ],
23 silly audit   '@unrs/resolver-binding-darwin-arm64': [ '1.11.1' ],
23 silly audit   '@unrs/resolver-binding-darwin-x64': [ '1.11.1' ],
23 silly audit   '@unrs/resolver-binding-freebsd-x64': [ '1.11.1' ],
23 silly audit   '@unrs/resolver-binding-linux-arm-gnueabihf': [ '1.11.1' ],
23 silly audit   '@unrs/resolver-binding-linux-arm-musleabihf': [ '1.11.1' ],
23 silly audit   '@unrs/resolver-binding-linux-arm64-gnu': [ '1.11.1' ],
23 silly audit   '@unrs/resolver-binding-linux-arm64-musl': [ '1.11.1' ],
23 silly audit   '@unrs/resolver-binding-linux-ppc64-gnu': [ '1.11.1' ],
23 silly audit   '@unrs/resolver-binding-linux-riscv64-gnu': [ '1.11.1' ],
23 silly audit   '@unrs/resolver-binding-linux-riscv64-musl': [ '1.11.1' ],
23 silly audit   '@unrs/resolver-binding-linux-s390x-gnu': [ '1.11.1' ],
23 silly audit   '@unrs/resolver-binding-linux-x64-gnu': [ '1.11.1' ],
23 silly audit   '@unrs/resolver-binding-linux-x64-musl': [ '1.11.1' ],
23 silly audit   '@unrs/resolver-binding-wasm32-wasi': [ '1.11.1' ],
23 silly audit   '@unrs/resolver-binding-win32-arm64-msvc': [ '1.11.1' ],
23 silly audit   '@unrs/resolver-binding-win32-ia32-msvc': [ '1.11.1' ],
23 silly audit   '@unrs/resolver-binding-win32-x64-msvc': [ '1.11.1' ],
23 silly audit   acorn: [ '8.16.0' ],
23 silly audit   'acorn-jsx': [ '5.3.2' ],
23 silly audit   ajv: [ '6.14.0' ],
23 silly audit   'ansi-styles': [ '4.3.0' ],
23 silly audit   argparse: [ '2.0.1' ],
23 silly audit   'aria-query': [ '5.3.2' ],
23 silly audit   'array-buffer-byte-length': [ '1.0.2' ],
23 silly audit   'array-includes': [ '3.1.9' ],
23 silly audit   'array.prototype.findlast': [ '1.2.5' ],
23 silly audit   'array.prototype.findlastindex': [ '1.2.6' ],
23 silly audit   'array.prototype.flat': [ '1.3.3' ],
23 silly audit   'array.prototype.flatmap': [ '1.3.3' ],
23 silly audit   'array.prototype.tosorted': [ '1.1.4' ],
23 silly audit   'arraybuffer.prototype.slice': [ '1.0.4' ],
23 silly audit   'ast-types-flow': [ '0.0.8' ],
23 silly audit   'async-function': [ '1.0.0' ],
23 silly audit   'attr-accept': [ '2.2.5' ],
23 silly audit   'available-typed-arrays': [ '1.0.7' ],
23 silly audit   'axe-core': [ '4.11.1' ],
23 silly audit   'axobject-query': [ '4.1.0' ],
23 silly audit   bail: [ '2.0.2' ],
23 silly audit   'baseline-browser-mapping': [ '2.10.0' ],
23 silly audit   braces: [ '3.0.3' ],
23 silly audit   browserslist: [ '4.28.1' ],
23 silly audit   'call-bind': [ '1.0.8' ],
23 silly audit   'call-bind-apply-helpers': [ '1.0.2' ],
23 silly audit   'call-bound': [ '1.0.4' ],
23 silly audit   callsites: [ '3.1.0' ],
23 silly audit   'caniuse-lite': [ '1.0.30001774' ],
23 silly audit   ccount: [ '2.0.1' ],
23 silly audit   chalk: [ '4.1.2' ],
23 silly audit   'character-entities': [ '2.0.2' ],
23 silly audit   'character-entities-html4': [ '2.1.0' ],
23 silly audit   'character-entities-legacy': [ '3.0.0' ],
23 silly audit   'character-reference-invalid': [ '2.0.1' ],
23 silly audit   'client-only': [ '0.0.1' ],
23 silly audit   'color-convert': [ '2.0.1' ],
23 silly audit   'color-name': [ '1.1.4' ],
23 silly audit   'comma-separated-tokens': [ '2.0.3' ],
23 silly audit   'concat-map': [ '0.0.1' ],
23 silly audit   'convert-source-map': [ '2.0.0' ],
23 silly audit   'cross-spawn': [ '7.0.6' ],
23 silly audit   csstype: [ '3.2.3' ],
23 silly audit   'damerau-levenshtein': [ '1.0.8' ],
23 silly audit   'data-view-buffer': [ '1.0.2' ],
23 silly audit   'data-view-byte-length': [ '1.0.2' ],
23 silly audit   'data-view-byte-offset': [ '1.0.1' ],
23 silly audit   'date-fns': [ '4.1.0' ],
23 silly audit   debug: [ '4.4.3', '3.2.7' ],
23 silly audit   'decode-named-character-reference': [ '1.3.0' ],
23 silly audit   'deep-is': [ '0.1.4' ],
23 silly audit   'define-data-property': [ '1.1.4' ],
23 silly audit   'define-properties': [ '1.2.1' ],
23 silly audit   dequal: [ '2.0.3' ],
23 silly audit   'detect-libc': [ '2.1.2' ],
23 silly audit   devlop: [ '1.1.0' ],
23 silly audit   doctrine: [ '2.1.0' ],
23 silly audit   'dunder-proto': [ '1.0.1' ],
23 silly audit   'electron-to-chromium': [ '1.5.302' ],
23 silly audit   'emoji-picker-react': [ '4.18.0' ],
23 silly audit   'emoji-regex': [ '9.2.2' ],
23 silly audit   'enhanced-resolve': [ '5.19.0' ],
23 silly audit   'es-abstract': [ '1.24.1' ],
23 silly audit   'es-define-property': [ '1.0.1' ],
23 silly audit   'es-errors': [ '1.3.0' ],
23 silly audit   'es-iterator-helpers': [ '1.2.2' ],
23 silly audit   'es-object-atoms': [ '1.1.1' ],
23 silly audit   'es-set-tostringtag': [ '2.1.0' ],
23 silly audit   'es-shim-unscopables': [ '1.1.0' ],
23 silly audit   'es-to-primitive': [ '1.3.0' ],
23 silly audit   escalade: [ '3.2.0' ],
23 silly audit   'escape-string-regexp': [ '4.0.0', '5.0.0' ],
23 silly audit   eslint: [ '9.39.3' ],
23 silly audit   'eslint-config-next': [ '16.1.6' ],
23 silly audit   globals: [ '16.4.0', '14.0.0' ],
23 silly audit   'eslint-import-resolver-node': [ '0.3.9' ],
23 silly audit   'eslint-import-resolver-typescript': [ '3.10.1' ],
23 silly audit   'eslint-module-utils': [ '2.12.1' ],
23 silly audit   'eslint-plugin-import': [ '2.32.0' ],
23 silly audit   'eslint-plugin-jsx-a11y': [ '6.10.2' ],
23 silly audit   'eslint-plugin-react': [ '7.37.5' ],
23 silly audit   'eslint-plugin-react-hooks': [ '7.0.1' ],
23 silly audit   resolve: [ '2.0.0-next.6', '1.22.11' ],
23 silly audit   'eslint-scope': [ '8.4.0' ],
23 silly audit   espree: [ '10.4.0' ],
23 silly audit   esquery: [ '1.7.0' ],
23 silly audit   esrecurse: [ '4.3.0' ],
23 silly audit   estraverse: [ '5.3.0' ],
23 silly audit   'estree-util-is-identifier-name': [ '3.0.0' ],
23 silly audit   esutils: [ '2.0.3' ],
23 silly audit   extend: [ '3.0.2' ],
23 silly audit   'fast-deep-equal': [ '3.1.3' ],
23 silly audit   'fast-glob': [ '3.3.1' ],
23 silly audit   'glob-parent': [ '5.1.2', '6.0.2' ],
23 silly audit   'fast-json-stable-stringify': [ '2.1.0' ],
23 silly audit   'fast-levenshtein': [ '2.0.6' ],
23 silly audit   fastq: [ '1.20.1' ],
23 silly audit   'file-entry-cache': [ '8.0.0' ],
23 silly audit   'file-selector': [ '2.1.2' ],
23 silly audit   'fill-range': [ '7.1.1' ],
23 silly audit   'find-up': [ '5.0.0' ],
23 silly audit   flairup: [ '1.0.0' ],
23 silly audit   'flat-cache': [ '4.0.1' ],
23 silly audit   flatted: [ '3.3.3' ],
23 silly audit   'for-each': [ '0.3.5' ],
23 silly audit   'function-bind': [ '1.1.2' ],
23 silly audit   'function.prototype.name': [ '1.1.8' ],
23 silly audit   'functions-have-names': [ '1.2.3' ],
23 silly audit   'generator-function': [ '2.0.1' ],
23 silly audit   gensync: [ '1.0.0-beta.2' ],
23 silly audit   'get-intrinsic': [ '1.3.0' ],
23 silly audit   'get-proto': [ '1.0.1' ],
23 silly audit   'get-symbol-description': [ '1.1.0' ],
23 silly audit   'get-tsconfig': [ '4.13.6' ],
23 silly audit   globalthis: [ '1.0.4' ],
23 silly audit   gopd: [ '1.2.0' ],
23 silly audit   'graceful-fs': [ '4.2.11' ],
23 silly audit   'has-bigints': [ '1.1.0' ],
23 silly audit   'has-flag': [ '4.0.0' ],
23 silly audit   'has-property-descriptors': [ '1.0.2' ],
23 silly audit   'has-proto': [ '1.2.0' ],
23 silly audit   'has-symbols': [ '1.1.0' ],
23 silly audit   'has-tostringtag': [ '1.0.2' ],
23 silly audit   hasown: [ '2.0.2' ],
23 silly audit   'hast-util-to-jsx-runtime': [ '2.3.6' ],
23 silly audit   'hast-util-whitespace': [ '3.0.0' ],
23 silly audit   'hermes-estree': [ '0.25.1' ],
23 silly audit   'hermes-parser': [ '0.25.1' ],
23 silly audit   'html-url-attributes': [ '3.0.1' ],
23 silly audit   'import-fresh': [ '3.3.1' ],
23 silly audit   imurmurhash: [ '0.1.4' ],
23 silly audit   'inline-style-parser': [ '0.2.7' ],
23 silly audit   'internal-slot': [ '1.1.0' ],
23 silly audit   'is-alphabetical': [ '2.0.1' ],
23 silly audit   'is-alphanumerical': [ '2.0.1' ],
23 silly audit   'is-array-buffer': [ '3.0.5' ],
23 silly audit   'is-async-function': [ '2.1.1' ],
23 silly audit   'is-bigint': [ '1.1.0' ],
23 silly audit   'is-boolean-object': [ '1.2.2' ],
23 silly audit   'is-bun-module': [ '2.0.0' ],
23 silly audit   'is-callable': [ '1.2.7' ],
23 silly audit   'is-core-module': [ '2.16.1' ],
23 silly audit   'is-data-view': [ '1.0.2' ],
23 silly audit   'is-date-object': [ '1.1.0' ],
23 silly audit   'is-decimal': [ '2.0.1' ],
23 silly audit   'is-extglob': [ '2.1.1' ],
23 silly audit   'is-finalizationregistry': [ '1.1.1' ],
23 silly audit   'is-generator-function': [ '1.1.2' ],
23 silly audit   'is-glob': [ '4.0.3' ],
23 silly audit   'is-hexadecimal': [ '2.0.1' ],
23 silly audit   'is-map': [ '2.0.3' ],
23 silly audit   'is-negative-zero': [ '2.0.3' ],
23 silly audit   'is-number': [ '7.0.0' ],
23 silly audit   'is-number-object': [ '1.1.1' ],
23 silly audit   'is-plain-obj': [ '4.1.0' ],
23 silly audit   'is-regex': [ '1.2.1' ],
23 silly audit   'is-set': [ '2.0.3' ],
23 silly audit   'is-shared-array-buffer': [ '1.0.4' ],
23 silly audit   'is-string': [ '1.1.1' ],
23 silly audit   'is-symbol': [ '1.1.1' ],
23 silly audit   'is-typed-array': [ '1.1.15' ],
23 silly audit   'is-weakmap': [ '2.0.2' ],
23 silly audit   'is-weakref': [ '1.1.1' ],
23 silly audit   'is-weakset': [ '2.0.4' ],
23 silly audit   isarray: [ '2.0.5' ],
23 silly audit   isexe: [ '2.0.0' ],
23 silly audit   'iterator.prototype': [ '1.1.5' ],
23 silly audit   jiti: [ '2.6.1' ],
23 silly audit   'js-tokens': [ '4.0.0' ],
23 silly audit   'js-yaml': [ '4.1.1' ],
23 silly audit   jsesc: [ '3.1.0' ],
23 silly audit   'json-buffer': [ '3.0.1' ],
23 silly audit   'json-schema-traverse': [ '0.4.1' ],
23 silly audit   'json-stable-stringify-without-jsonify': [ '1.0.1' ],
23 silly audit   json5: [ '2.2.3', '1.0.2' ],
23 silly audit   'jsx-ast-utils': [ '3.3.5' ],
23 silly audit   keyv: [ '4.5.4' ],
23 silly audit   'language-subtag-registry': [ '0.3.23' ],
23 silly audit   'language-tags': [ '1.0.9' ],
23 silly audit   levn: [ '0.4.1' ],
23 silly audit   lightningcss: [ '1.31.1' ],
23 silly audit   'lightningcss-android-arm64': [ '1.31.1' ],
23 silly audit   'lightningcss-darwin-arm64': [ '1.31.1' ],
23 silly audit   'lightningcss-darwin-x64': [ '1.31.1' ],
23 silly audit   'lightningcss-freebsd-x64': [ '1.31.1' ],
23 silly audit   'lightningcss-linux-arm-gnueabihf': [ '1.31.1' ],
23 silly audit   'lightningcss-linux-arm64-gnu': [ '1.31.1' ],
23 silly audit   'lightningcss-linux-arm64-musl': [ '1.31.1' ],
23 silly audit   'lightningcss-linux-x64-gnu': [ '1.31.1' ],
23 silly audit   'lightningcss-linux-x64-musl': [ '1.31.1' ],
23 silly audit   'lightningcss-win32-arm64-msvc': [ '1.31.1' ],
23 silly audit   'lightningcss-win32-x64-msvc': [ '1.31.1' ],
23 silly audit   'locate-path': [ '6.0.0' ],
23 silly audit   'lodash.merge': [ '4.6.2' ],
23 silly audit   'longest-streak': [ '3.1.0' ],
23 silly audit   'loose-envify': [ '1.4.0' ],
23 silly audit   'lru-cache': [ '5.1.1' ],
23 silly audit   'magic-string': [ '0.30.21' ],
23 silly audit   'markdown-table': [ '3.0.4' ],
23 silly audit   'math-intrinsics': [ '1.1.0' ],
23 silly audit   'mdast-util-find-and-replace': [ '3.0.2' ],
23 silly audit   'mdast-util-from-markdown': [ '2.0.3' ],
23 silly audit   'mdast-util-gfm': [ '3.1.0' ],
23 silly audit   'mdast-util-gfm-autolink-literal': [ '2.0.1' ],
23 silly audit   'mdast-util-gfm-footnote': [ '2.1.0' ],
23 silly audit   'mdast-util-gfm-strikethrough': [ '2.0.0' ],
23 silly audit   'mdast-util-gfm-table': [ '2.0.0' ],
23 silly audit   'mdast-util-gfm-task-list-item': [ '2.0.0' ],
23 silly audit   'mdast-util-mdx-expression': [ '2.0.1' ],
23 silly audit   'mdast-util-mdx-jsx': [ '3.2.0' ],
23 silly audit   'mdast-util-mdxjs-esm': [ '2.0.1' ],
23 silly audit   'mdast-util-phrasing': [ '4.1.0' ],
23 silly audit   'mdast-util-to-hast': [ '13.2.1' ],
23 silly audit   'mdast-util-to-markdown': [ '2.1.2' ],
23 silly audit   'mdast-util-to-string': [ '4.0.0' ],
23 silly audit   merge2: [ '1.4.1' ],
23 silly audit   micromark: [ '4.0.2' ],
23 silly audit   'micromark-core-commonmark': [ '2.0.3' ],
23 silly audit   'micromark-extension-gfm': [ '3.0.0' ],
23 silly audit   'micromark-extension-gfm-autolink-literal': [ '2.1.0' ],
23 silly audit   'micromark-extension-gfm-footnote': [ '2.1.0' ],
23 silly audit   'micromark-extension-gfm-strikethrough': [ '2.1.0' ],
23 silly audit   'micromark-extension-gfm-table': [ '2.1.1' ],
23 silly audit   'micromark-extension-gfm-tagfilter': [ '2.0.0' ],
23 silly audit   'micromark-extension-gfm-task-list-item': [ '2.1.0' ],
23 silly audit   'micromark-factory-destination': [ '2.0.1' ],
23 silly audit   'micromark-factory-label': [ '2.0.1' ],
23 silly audit   'micromark-factory-space': [ '2.0.1' ],
23 silly audit   'micromark-factory-title': [ '2.0.1' ],
23 silly audit   'micromark-factory-whitespace': [ '2.0.1' ],
23 silly audit   'micromark-util-character': [ '2.1.1' ],
23 silly audit   'micromark-util-chunked': [ '2.0.1' ],
23 silly audit   'micromark-util-classify-character': [ '2.0.1' ],
23 silly audit   'micromark-util-combine-extensions': [ '2.0.1' ],
23 silly audit   'micromark-util-decode-numeric-character-reference': [ '2.0.2' ],
23 silly audit   'micromark-util-decode-string': [ '2.0.1' ],
23 silly audit   'micromark-util-encode': [ '2.0.1' ],
23 silly audit   'micromark-util-html-tag-name': [ '2.0.1' ],
23 silly audit   'micromark-util-normalize-identifier': [ '2.0.1' ],
23 silly audit   'micromark-util-resolve-all': [ '2.0.1' ],
23 silly audit   'micromark-util-sanitize-uri': [ '2.0.1' ],
23 silly audit   'micromark-util-subtokenize': [ '2.1.0' ],
23 silly audit   'micromark-util-symbol': [ '2.0.1' ],
23 silly audit   'micromark-util-types': [ '2.0.2' ],
23 silly audit   micromatch: [ '4.0.8' ],
23 silly audit   minimist: [ '1.2.8' ],
23 silly audit   ms: [ '2.1.3' ],
23 silly audit   nanoid: [ '3.3.11' ],
23 silly audit   'napi-postinstall': [ '0.3.4' ],
23 silly audit   'natural-compare': [ '1.4.0' ],
23 silly audit   next: [ '16.1.6' ],
23 silly audit   postcss: [ '8.4.31', '8.5.6' ],
23 silly audit   'node-exports-info': [ '1.6.0' ],
23 silly audit   'node-releases': [ '2.0.27' ],
23 silly audit   'object-assign': [ '4.1.1' ],
23 silly audit   'object-inspect': [ '1.13.4' ],
23 silly audit   'object-keys': [ '1.1.1' ],
23 silly audit   'object.assign': [ '4.1.7' ],
23 silly audit   'object.entries': [ '1.1.9' ],
23 silly audit   'object.fromentries': [ '2.0.8' ],
23 silly audit   'object.groupby': [ '1.0.3' ],
23 silly audit   'object.values': [ '1.2.1' ],
23 silly audit   optionator: [ '0.9.4' ],
23 silly audit   'own-keys': [ '1.0.1' ],
23 silly audit   'p-limit': [ '3.1.0' ],
23 silly audit   'p-locate': [ '5.0.0' ],
23 silly audit   'parent-module': [ '1.0.1' ],
23 silly audit   'parse-entities': [ '4.0.2' ],
23 silly audit   'path-exists': [ '4.0.0' ],
23 silly audit   'path-key': [ '3.1.1' ],
23 silly audit   'path-parse': [ '1.0.7' ],
23 silly audit   phoenix: [ '1.8.4' ],
23 silly audit   picocolors: [ '1.1.1' ],
23 silly audit   picomatch: [ '2.3.1', '4.0.3' ],
23 silly audit   'possible-typed-array-names': [ '1.1.0' ],
23 silly audit   'prelude-ls': [ '1.2.1' ],
23 silly audit   'prop-types': [ '15.8.1' ],
23 silly audit   'property-information': [ '7.1.0' ],
23 silly audit   punycode: [ '2.3.1' ],
23 silly audit   'queue-microtask': [ '1.2.3' ],
23 silly audit   react: [ '19.2.3' ],
23 silly audit   'react-dom': [ '19.2.3' ],
23 silly audit   'react-dropzone': [ '15.0.0' ],
23 silly audit   'react-is': [ '16.13.1' ],
23 silly audit   'react-markdown': [ '10.1.0' ],
23 silly audit   'react-window': [ '2.2.7' ],
23 silly audit   'reflect.getprototypeof': [ '1.0.10' ],
23 silly audit   'regexp.prototype.flags': [ '1.5.4' ],
23 silly audit   'remark-gfm': [ '4.0.1' ],
23 silly audit   'remark-parse': [ '11.0.0' ],
23 silly audit   'remark-rehype': [ '11.1.2' ],
23 silly audit   'remark-stringify': [ '11.0.0' ],
23 silly audit   'resolve-from': [ '4.0.0' ],
23 silly audit   'resolve-pkg-maps': [ '1.0.0' ],
23 silly audit   reusify: [ '1.1.0' ],
23 silly audit   'run-parallel': [ '1.2.0' ],
23 silly audit   'safe-array-concat': [ '1.1.3' ],
23 silly audit   'safe-push-apply': [ '1.0.0' ],
23 silly audit   'safe-regex-test': [ '1.1.0' ],
23 silly audit   scheduler: [ '0.27.0' ],
23 silly audit   'set-function-length': [ '1.2.2' ],
23 silly audit   'set-function-name': [ '2.0.2' ],
23 silly audit   'set-proto': [ '1.0.0' ],
23 silly audit   sharp: [ '0.34.5' ],
23 silly audit   'shebang-command': [ '2.0.0' ],
23 silly audit   'shebang-regex': [ '3.0.0' ],
23 silly audit   'side-channel': [ '1.1.0' ],
23 silly audit   'side-channel-list': [ '1.0.0' ],
23 silly audit   'side-channel-map': [ '1.0.1' ],
23 silly audit   'side-channel-weakmap': [ '1.0.2' ],
23 silly audit   'source-map-js': [ '1.2.1' ],
23 silly audit   'space-separated-tokens': [ '2.0.2' ],
23 silly audit   'stable-hash': [ '0.0.5' ],
23 silly audit   'stop-iteration-iterator': [ '1.1.0' ],
23 silly audit   'string.prototype.includes': [ '2.0.1' ],
23 silly audit   'string.prototype.matchall': [ '4.0.12' ],
23 silly audit   'string.prototype.repeat': [ '1.0.0' ],
23 silly audit   'string.prototype.trim': [ '1.2.10' ],
23 silly audit   'string.prototype.trimend': [ '1.0.9' ],
23 silly audit   'string.prototype.trimstart': [ '1.0.8' ],
23 silly audit   'stringify-entities': [ '4.0.4' ],
23 silly audit   'strip-bom': [ '3.0.0' ],
23 silly audit   'strip-json-comments': [ '3.1.1' ],
23 silly audit   'style-to-js': [ '1.1.21' ],
23 silly audit   'style-to-object': [ '1.0.14' ],
23 silly audit   'styled-jsx': [ '5.1.6' ],
23 silly audit   'supports-color': [ '7.2.0' ],
23 silly audit   'supports-preserve-symlinks-flag': [ '1.0.0' ],
23 silly audit   tailwindcss: [ '4.2.1' ],
23 silly audit   tapable: [ '2.3.0' ],
23 silly audit   tinyglobby: [ '0.2.15' ],
23 silly audit   fdir: [ '6.5.0' ],
23 silly audit   'to-regex-range': [ '5.0.1' ],
23 silly audit   'trim-lines': [ '3.0.1' ],
23 silly audit   trough: [ '2.2.0' ],
23 silly audit   'ts-api-utils': [ '2.4.0' ],
23 silly audit   'tsconfig-paths': [ '3.15.0' ],
23 silly audit   tslib: [ '2.8.1' ],
23 silly audit   'type-check': [ '0.4.0' ],
23 silly audit   'typed-array-buffer': [ '1.0.3' ],
23 silly audit   'typed-array-byte-length': [ '1.0.3' ],
23 silly audit   'typed-array-byte-offset': [ '1.0.4' ],
23 silly audit   'typed-array-length': [ '1.0.7' ],
23 silly audit   typescript: [ '5.9.3' ],
23 silly audit   'typescript-eslint': [ '8.56.1' ],
23 silly audit   'unbox-primitive': [ '1.1.0' ],
23 silly audit   'undici-types': [ '6.21.0' ],
23 silly audit   unified: [ '11.0.5' ],
23 silly audit   'unist-util-is': [ '6.0.1' ],
23 silly audit   'unist-util-position': [ '5.0.0' ],
23 silly audit   'unist-util-stringify-position': [ '4.0.0' ],
23 silly audit   'unist-util-visit': [ '5.1.0' ],
23 silly audit   'unist-util-visit-parents': [ '6.0.2' ],
23 silly audit   'unrs-resolver': [ '1.11.1' ],
23 silly audit   'update-browserslist-db': [ '1.2.3' ],
23 silly audit   'uri-js': [ '4.4.1' ],
23 silly audit   uuid: [ '13.0.0' ],
23 silly audit   vfile: [ '6.0.3' ],
23 silly audit   'vfile-message': [ '4.0.3' ],
23 silly audit   which: [ '2.0.2' ],
23 silly audit   'which-boxed-primitive': [ '1.1.1' ],
23 silly audit   'which-builtin-type': [ '1.2.1' ],
23 silly audit   'which-collection': [ '1.0.2' ],
23 silly audit   'which-typed-array': [ '1.1.20' ],
23 silly audit   'word-wrap': [ '1.2.5' ],
23 silly audit   yallist: [ '3.1.1' ],
23 silly audit   'yocto-queue': [ '0.1.0' ],
23 silly audit   zod: [ '4.3.6' ],
23 silly audit   'zod-validation-error': [ '4.0.2' ],
23 silly audit   zustand: [ '5.0.11' ],
23 silly audit   zwitch: [ '2.0.4' ],
23 silly audit   '@types/phoenix': [ '1.6.7' ],
23 silly audit   '@tailwindcss/oxide-wasm32-wasi': [ '4.2.1' ]
23 silly audit }
24 verbose reify failed optional dependency /Users/jairflores/Downloads/sychat/web/node_modules/lightningcss-win32-x64-msvc
25 silly reify mark deleted [
25 silly reify   '/Users/jairflores/Downloads/sychat/web/node_modules/lightningcss-win32-x64-msvc'
25 silly reify ]
26 verbose reify failed optional dependency /Users/jairflores/Downloads/sychat/web/node_modules/lightningcss-win32-arm64-msvc
27 silly reify mark deleted [
27 silly reify   '/Users/jairflores/Downloads/sychat/web/node_modules/lightningcss-win32-arm64-msvc'
27 silly reify ]
28 verbose reify failed optional dependency /Users/jairflores/Downloads/sychat/web/node_modules/lightningcss-linux-x64-musl
29 silly reify mark deleted [
29 silly reify   '/Users/jairflores/Downloads/sychat/web/node_modules/lightningcss-linux-x64-musl'
29 silly reify ]
30 verbose reify failed optional dependency /Users/jairflores/Downloads/sychat/web/node_modules/lightningcss-linux-x64-gnu
31 silly reify mark deleted [
31 silly reify   '/Users/jairflores/Downloads/sychat/web/node_modules/lightningcss-linux-x64-gnu'
31 silly reify ]
32 verbose reify failed optional dependency /Users/jairflores/Downloads/sychat/web/node_modules/lightningcss-linux-arm64-musl
33 silly reify mark deleted [
33 silly reify   '/Users/jairflores/Downloads/sychat/web/node_modules/lightningcss-linux-arm64-musl'
33 silly reify ]
34 verbose reify failed optional dependency /Users/jairflores/Downloads/sychat/web/node_modules/lightningcss-linux-arm64-gnu
35 silly reify mark deleted [
35 silly reify   '/Users/jairflores/Downloads/sychat/web/node_modules/lightningcss-linux-arm64-gnu'
35 silly reify ]
36 verbose reify failed optional dependency /Users/jairflores/Downloads/sychat/web/node_modules/lightningcss-linux-arm-gnueabihf
37 silly reify mark deleted [
37 silly reify   '/Users/jairflores/Downloads/sychat/web/node_modules/lightningcss-linux-arm-gnueabihf'
37 silly reify ]
38 verbose reify failed optional dependency /Users/jairflores/Downloads/sychat/web/node_modules/lightningcss-freebsd-x64
39 silly reify mark deleted [
39 silly reify   '/Users/jairflores/Downloads/sychat/web/node_modules/lightningcss-freebsd-x64'
39 silly reify ]
40 verbose reify failed optional dependency /Users/jairflores/Downloads/sychat/web/node_modules/lightningcss-darwin-x64
41 silly reify mark deleted [
41 silly reify   '/Users/jairflores/Downloads/sychat/web/node_modules/lightningcss-darwin-x64'
41 silly reify ]
42 verbose reify failed optional dependency /Users/jairflores/Downloads/sychat/web/node_modules/lightningcss-android-arm64
43 silly reify mark deleted [
43 silly reify   '/Users/jairflores/Downloads/sychat/web/node_modules/lightningcss-android-arm64'
43 silly reify ]
44 verbose reify failed optional dependency /Users/jairflores/Downloads/sychat/web/node_modules/@unrs/resolver-binding-win32-x64-msvc
45 silly reify mark deleted [
45 silly reify   '/Users/jairflores/Downloads/sychat/web/node_modules/@unrs/resolver-binding-win32-x64-msvc'
45 silly reify ]
46 verbose reify failed optional dependency /Users/jairflores/Downloads/sychat/web/node_modules/@unrs/resolver-binding-win32-ia32-msvc
47 silly reify mark deleted [
47 silly reify   '/Users/jairflores/Downloads/sychat/web/node_modules/@unrs/resolver-binding-win32-ia32-msvc'
47 silly reify ]
48 verbose reify failed optional dependency /Users/jairflores/Downloads/sychat/web/node_modules/@unrs/resolver-binding-win32-arm64-msvc
49 silly reify mark deleted [
49 silly reify   '/Users/jairflores/Downloads/sychat/web/node_modules/@unrs/resolver-binding-win32-arm64-msvc'
49 silly reify ]
50 verbose reify failed optional dependency /Users/jairflores/Downloads/sychat/web/node_modules/@unrs/resolver-binding-wasm32-wasi
51 silly reify mark deleted [
51 silly reify   '/Users/jairflores/Downloads/sychat/web/node_modules/@unrs/resolver-binding-wasm32-wasi'
51 silly reify ]
52 verbose reify failed optional dependency /Users/jairflores/Downloads/sychat/web/node_modules/@unrs/resolver-binding-linux-x64-musl
53 silly reify mark deleted [
53 silly reify   '/Users/jairflores/Downloads/sychat/web/node_modules/@unrs/resolver-binding-linux-x64-musl'
53 silly reify ]
54 verbose reify failed optional dependency /Users/jairflores/Downloads/sychat/web/node_modules/@unrs/resolver-binding-linux-x64-gnu
55 silly reify mark deleted [
55 silly reify   '/Users/jairflores/Downloads/sychat/web/node_modules/@unrs/resolver-binding-linux-x64-gnu'
55 silly reify ]
56 verbose reify failed optional dependency /Users/jairflores/Downloads/sychat/web/node_modules/@unrs/resolver-binding-linux-s390x-gnu
57 silly reify mark deleted [
57 silly reify   '/Users/jairflores/Downloads/sychat/web/node_modules/@unrs/resolver-binding-linux-s390x-gnu'
57 silly reify ]
58 verbose reify failed optional dependency /Users/jairflores/Downloads/sychat/web/node_modules/@unrs/resolver-binding-linux-riscv64-musl
59 silly reify mark deleted [
59 silly reify   '/Users/jairflores/Downloads/sychat/web/node_modules/@unrs/resolver-binding-linux-riscv64-musl'
59 silly reify ]
60 verbose reify failed optional dependency /Users/jairflores/Downloads/sychat/web/node_modules/@unrs/resolver-binding-linux-riscv64-gnu
61 silly reify mark deleted [
61 silly reify   '/Users/jairflores/Downloads/sychat/web/node_modules/@unrs/resolver-binding-linux-riscv64-gnu'
61 silly reify ]
62 verbose reify failed optional dependency /Users/jairflores/Downloads/sychat/web/node_modules/@unrs/resolver-binding-linux-ppc64-gnu
63 silly reify mark deleted [
63 silly reify   '/Users/jairflores/Downloads/sychat/web/node_modules/@unrs/resolver-binding-linux-ppc64-gnu'
63 silly reify ]
64 verbose reify failed optional dependency /Users/jairflores/Downloads/sychat/web/node_modules/@unrs/resolver-binding-linux-arm64-musl
65 silly reify mark deleted [
65 silly reify   '/Users/jairflores/Downloads/sychat/web/node_modules/@unrs/resolver-binding-linux-arm64-musl'
65 silly reify ]
66 verbose reify failed optional dependency /Users/jairflores/Downloads/sychat/web/node_modules/@unrs/resolver-binding-linux-arm64-gnu
67 silly reify mark deleted [
67 silly reify   '/Users/jairflores/Downloads/sychat/web/node_modules/@unrs/resolver-binding-linux-arm64-gnu'
67 silly reify ]
68 verbose reify failed optional dependency /Users/jairflores/Downloads/sychat/web/node_modules/@unrs/resolver-binding-linux-arm-musleabihf
69 silly reify mark deleted [
69 silly reify   '/Users/jairflores/Downloads/sychat/web/node_modules/@unrs/resolver-binding-linux-arm-musleabihf'
69 silly reify ]
70 verbose reify failed optional dependency /Users/jairflores/Downloads/sychat/web/node_modules/@unrs/resolver-binding-linux-arm-gnueabihf
71 silly reify mark deleted [
71 silly reify   '/Users/jairflores/Downloads/sychat/web/node_modules/@unrs/resolver-binding-linux-arm-gnueabihf'
71 silly reify ]
72 verbose reify failed optional dependency /Users/jairflores/Downloads/sychat/web/node_modules/@unrs/resolver-binding-freebsd-x64
73 silly reify mark deleted [
73 silly reify   '/Users/jairflores/Downloads/sychat/web/node_modules/@unrs/resolver-binding-freebsd-x64'
73 silly reify ]
74 verbose reify failed optional dependency /Users/jairflores/Downloads/sychat/web/node_modules/@unrs/resolver-binding-darwin-x64
75 silly reify mark deleted [
75 silly reify   '/Users/jairflores/Downloads/sychat/web/node_modules/@unrs/resolver-binding-darwin-x64'
75 silly reify ]
76 verbose reify failed optional dependency /Users/jairflores/Downloads/sychat/web/node_modules/@unrs/resolver-binding-android-arm64
77 silly reify mark deleted [
77 silly reify   '/Users/jairflores/Downloads/sychat/web/node_modules/@unrs/resolver-binding-android-arm64'
77 silly reify ]
78 verbose reify failed optional dependency /Users/jairflores/Downloads/sychat/web/node_modules/@unrs/resolver-binding-android-arm-eabi
79 silly reify mark deleted [
79 silly reify   '/Users/jairflores/Downloads/sychat/web/node_modules/@unrs/resolver-binding-android-arm-eabi'
79 silly reify ]
80 verbose reify failed optional dependency /Users/jairflores/Downloads/sychat/web/node_modules/@tailwindcss/oxide-win32-x64-msvc
81 silly reify mark deleted [
81 silly reify   '/Users/jairflores/Downloads/sychat/web/node_modules/@tailwindcss/oxide-win32-x64-msvc'
81 silly reify ]
82 verbose reify failed optional dependency /Users/jairflores/Downloads/sychat/web/node_modules/@tailwindcss/oxide-win32-arm64-msvc
83 silly reify mark deleted [
83 silly reify   '/Users/jairflores/Downloads/sychat/web/node_modules/@tailwindcss/oxide-win32-arm64-msvc'
83 silly reify ]
84 verbose reify failed optional dependency /Users/jairflores/Downloads/sychat/web/node_modules/@tailwindcss/oxide-linux-x64-musl
85 silly reify mark deleted [
85 silly reify   '/Users/jairflores/Downloads/sychat/web/node_modules/@tailwindcss/oxide-linux-x64-musl'
85 silly reify ]
86 verbose reify failed optional dependency /Users/jairflores/Downloads/sychat/web/node_modules/@tailwindcss/oxide-linux-x64-gnu
87 silly reify mark deleted [
87 silly reify   '/Users/jairflores/Downloads/sychat/web/node_modules/@tailwindcss/oxide-linux-x64-gnu'
87 silly reify ]
88 verbose reify failed optional dependency /Users/jairflores/Downloads/sychat/web/node_modules/@tailwindcss/oxide-linux-arm64-musl
89 silly reify mark deleted [
89 silly reify   '/Users/jairflores/Downloads/sychat/web/node_modules/@tailwindcss/oxide-linux-arm64-musl'
89 silly reify ]
90 verbose reify failed optional dependency /Users/jairflores/Downloads/sychat/web/node_modules/@tailwindcss/oxide-linux-arm64-gnu
91 silly reify mark deleted [
91 silly reify   '/Users/jairflores/Downloads/sychat/web/node_modules/@tailwindcss/oxide-linux-arm64-gnu'
91 silly reify ]
92 verbose reify failed optional dependency /Users/jairflores/Downloads/sychat/web/node_modules/@tailwindcss/oxide-linux-arm-gnueabihf
93 silly reify mark deleted [
93 silly reify   '/Users/jairflores/Downloads/sychat/web/node_modules/@tailwindcss/oxide-linux-arm-gnueabihf'
93 silly reify ]
94 verbose reify failed optional dependency /Users/jairflores/Downloads/sychat/web/node_modules/@tailwindcss/oxide-freebsd-x64
95 silly reify mark deleted [
95 silly reify   '/Users/jairflores/Downloads/sychat/web/node_modules/@tailwindcss/oxide-freebsd-x64'
95 silly reify ]
96 verbose reify failed optional dependency /Users/jairflores/Downloads/sychat/web/node_modules/@tailwindcss/oxide-darwin-x64
97 silly reify mark deleted [
97 silly reify   '/Users/jairflores/Downloads/sychat/web/node_modules/@tailwindcss/oxide-darwin-x64'
97 silly reify ]
98 verbose reify failed optional dependency /Users/jairflores/Downloads/sychat/web/node_modules/@tailwindcss/oxide-android-arm64
99 silly reify mark deleted [
99 silly reify   '/Users/jairflores/Downloads/sychat/web/node_modules/@tailwindcss/oxide-android-arm64'
99 silly reify ]
100 verbose reify failed optional dependency /Users/jairflores/Downloads/sychat/web/node_modules/@next/swc-win32-x64-msvc
101 silly reify mark deleted [
101 silly reify   '/Users/jairflores/Downloads/sychat/web/node_modules/@next/swc-win32-x64-msvc'
101 silly reify ]
102 verbose reify failed optional dependency /Users/jairflores/Downloads/sychat/web/node_modules/@next/swc-win32-arm64-msvc
103 silly reify mark deleted [
103 silly reify   '/Users/jairflores/Downloads/sychat/web/node_modules/@next/swc-win32-arm64-msvc'
103 silly reify ]
104 verbose reify failed optional dependency /Users/jairflores/Downloads/sychat/web/node_modules/@next/swc-linux-x64-musl
105 silly reify mark deleted [
105 silly reify   '/Users/jairflores/Downloads/sychat/web/node_modules/@next/swc-linux-x64-musl'
105 silly reify ]
106 verbose reify failed optional dependency /Users/jairflores/Downloads/sychat/web/node_modules/@next/swc-linux-x64-gnu
107 silly reify mark deleted [
107 silly reify   '/Users/jairflores/Downloads/sychat/web/node_modules/@next/swc-linux-x64-gnu'
107 silly reify ]
108 verbose reify failed optional dependency /Users/jairflores/Downloads/sychat/web/node_modules/@next/swc-linux-arm64-musl
109 silly reify mark deleted [
109 silly reify   '/Users/jairflores/Downloads/sychat/web/node_modules/@next/swc-linux-arm64-musl'
109 silly reify ]
110 verbose reify failed optional dependency /Users/jairflores/Downloads/sychat/web/node_modules/@next/swc-linux-arm64-gnu
111 silly reify mark deleted [
111 silly reify   '/Users/jairflores/Downloads/sychat/web/node_modules/@next/swc-linux-arm64-gnu'
111 silly reify ]
112 verbose reify failed optional dependency /Users/jairflores/Downloads/sychat/web/node_modules/@next/swc-darwin-x64
113 silly reify mark deleted [
113 silly reify   '/Users/jairflores/Downloads/sychat/web/node_modules/@next/swc-darwin-x64'
113 silly reify ]
114 verbose reify failed optional dependency /Users/jairflores/Downloads/sychat/web/node_modules/@img/sharp-win32-x64
115 silly reify mark deleted [
115 silly reify   '/Users/jairflores/Downloads/sychat/web/node_modules/@img/sharp-win32-x64'
115 silly reify ]
116 verbose reify failed optional dependency /Users/jairflores/Downloads/sychat/web/node_modules/@img/sharp-win32-ia32
117 silly reify mark deleted [
117 silly reify   '/Users/jairflores/Downloads/sychat/web/node_modules/@img/sharp-win32-ia32'
117 silly reify ]
118 verbose reify failed optional dependency /Users/jairflores/Downloads/sychat/web/node_modules/@img/sharp-win32-arm64
119 silly reify mark deleted [
119 silly reify   '/Users/jairflores/Downloads/sychat/web/node_modules/@img/sharp-win32-arm64'
119 silly reify ]
120 verbose reify failed optional dependency /Users/jairflores/Downloads/sychat/web/node_modules/@img/sharp-wasm32
121 silly reify mark deleted [
121 silly reify   '/Users/jairflores/Downloads/sychat/web/node_modules/@img/sharp-wasm32'
121 silly reify ]
122 verbose reify failed optional dependency /Users/jairflores/Downloads/sychat/web/node_modules/@img/sharp-linuxmusl-x64
123 silly reify mark deleted [
123 silly reify   '/Users/jairflores/Downloads/sychat/web/node_modules/@img/sharp-linuxmusl-x64'
123 silly reify ]
124 verbose reify failed optional dependency /Users/jairflores/Downloads/sychat/web/node_modules/@img/sharp-linuxmusl-arm64
125 silly reify mark deleted [
125 silly reify   '/Users/jairflores/Downloads/sychat/web/node_modules/@img/sharp-linuxmusl-arm64'
125 silly reify ]
126 verbose reify failed optional dependency /Users/jairflores/Downloads/sychat/web/node_modules/@img/sharp-linux-x64
127 silly reify mark deleted [
127 silly reify   '/Users/jairflores/Downloads/sychat/web/node_modules/@img/sharp-linux-x64'
127 silly reify ]
128 verbose reify failed optional dependency /Users/jairflores/Downloads/sychat/web/node_modules/@img/sharp-linux-s390x
129 silly reify mark deleted [
129 silly reify   '/Users/jairflores/Downloads/sychat/web/node_modules/@img/sharp-linux-s390x'
129 silly reify ]
130 verbose reify failed optional dependency /Users/jairflores/Downloads/sychat/web/node_modules/@img/sharp-linux-riscv64
131 silly reify mark deleted [
131 silly reify   '/Users/jairflores/Downloads/sychat/web/node_modules/@img/sharp-linux-riscv64'
131 silly reify ]
132 verbose reify failed optional dependency /Users/jairflores/Downloads/sychat/web/node_modules/@img/sharp-linux-ppc64
133 silly reify mark deleted [
133 silly reify   '/Users/jairflores/Downloads/sychat/web/node_modules/@img/sharp-linux-ppc64'
133 silly reify ]
134 verbose reify failed optional dependency /Users/jairflores/Downloads/sychat/web/node_modules/@img/sharp-linux-arm64
135 silly reify mark deleted [
135 silly reify   '/Users/jairflores/Downloads/sychat/web/node_modules/@img/sharp-linux-arm64'
135 silly reify ]
136 verbose reify failed optional dependency /Users/jairflores/Downloads/sychat/web/node_modules/@img/sharp-linux-arm
137 silly reify mark deleted [
137 silly reify   '/Users/jairflores/Downloads/sychat/web/node_modules/@img/sharp-linux-arm'
137 silly reify ]
138 verbose reify failed optional dependency /Users/jairflores/Downloads/sychat/web/node_modules/@img/sharp-libvips-linuxmusl-x64
139 silly reify mark deleted [
139 silly reify   '/Users/jairflores/Downloads/sychat/web/node_modules/@img/sharp-libvips-linuxmusl-x64'
139 silly reify ]
140 verbose reify failed optional dependency /Users/jairflores/Downloads/sychat/web/node_modules/@img/sharp-libvips-linuxmusl-arm64
141 silly reify mark deleted [
141 silly reify   '/Users/jairflores/Downloads/sychat/web/node_modules/@img/sharp-libvips-linuxmusl-arm64'
141 silly reify ]
142 verbose reify failed optional dependency /Users/jairflores/Downloads/sychat/web/node_modules/@img/sharp-libvips-linux-x64
143 silly reify mark deleted [
143 silly reify   '/Users/jairflores/Downloads/sychat/web/node_modules/@img/sharp-libvips-linux-x64'
143 silly reify ]
144 verbose reify failed optional dependency /Users/jairflores/Downloads/sychat/web/node_modules/@img/sharp-libvips-linux-s390x
145 silly reify mark deleted [
145 silly reify   '/Users/jairflores/Downloads/sychat/web/node_modules/@img/sharp-libvips-linux-s390x'
145 silly reify ]
146 verbose reify failed optional dependency /Users/jairflores/Downloads/sychat/web/node_modules/@img/sharp-libvips-linux-riscv64
147 silly reify mark deleted [
147 silly reify   '/Users/jairflores/Downloads/sychat/web/node_modules/@img/sharp-libvips-linux-riscv64'
147 silly reify ]
148 verbose reify failed optional dependency /Users/jairflores/Downloads/sychat/web/node_modules/@img/sharp-libvips-linux-ppc64
149 silly reify mark deleted [
149 silly reify   '/Users/jairflores/Downloads/sychat/web/node_modules/@img/sharp-libvips-linux-ppc64'
149 silly reify ]
150 verbose reify failed optional dependency /Users/jairflores/Downloads/sychat/web/node_modules/@img/sharp-libvips-linux-arm64
151 silly reify mark deleted [
151 silly reify   '/Users/jairflores/Downloads/sychat/web/node_modules/@img/sharp-libvips-linux-arm64'
151 silly reify ]
152 verbose reify failed optional dependency /Users/jairflores/Downloads/sychat/web/node_modules/@img/sharp-libvips-linux-arm
153 silly reify mark deleted [
153 silly reify   '/Users/jairflores/Downloads/sychat/web/node_modules/@img/sharp-libvips-linux-arm'
153 silly reify ]
154 verbose reify failed optional dependency /Users/jairflores/Downloads/sychat/web/node_modules/@img/sharp-libvips-darwin-x64
155 silly reify mark deleted [
155 silly reify   '/Users/jairflores/Downloads/sychat/web/node_modules/@img/sharp-libvips-darwin-x64'
155 silly reify ]
156 verbose reify failed optional dependency /Users/jairflores/Downloads/sychat/web/node_modules/@img/sharp-darwin-x64
157 silly reify mark deleted [
157 silly reify   '/Users/jairflores/Downloads/sychat/web/node_modules/@img/sharp-darwin-x64'
157 silly reify ]
158 http cache @types/phoenix@https://registry.npmjs.org/@types/phoenix/-/phoenix-1.6.7.tgz 0ms (cache hit)
159 silly tarball no local data for @types/phoenix@https://registry.npmjs.org/@types/phoenix/-/phoenix-1.6.7.tgz. Extracting by manifest.
160 http fetch POST 200 https://registry.npmjs.org/-/npm/v1/security/advisories/bulk 599ms
161 silly audit report {}
162 http fetch GET 200 https://registry.npmjs.org/@types/phoenix/-/phoenix-1.6.7.tgz 1588ms (cache miss)
163 silly ADD node_modules/@types/phoenix
164 silly ADD
165 silly ADD
166 silly ADD
167 silly ADD
168 silly ADD
169 silly ADD
170 silly ADD
171 silly ADD
172 silly ADD
173 silly ADD
174 silly ADD
175 silly ADD
176 silly ADD
177 silly ADD
178 silly ADD
179 silly ADD
180 silly ADD
181 silly ADD
182 silly ADD
183 silly ADD
184 silly ADD
185 silly ADD
186 silly ADD
187 silly ADD
188 silly ADD
189 silly ADD
190 silly ADD
191 silly ADD
192 silly ADD
193 silly ADD
194 silly ADD
195 silly ADD
196 silly ADD
197 silly ADD
198 silly ADD
199 silly ADD
200 silly ADD
201 silly ADD
202 silly ADD
203 silly ADD
204 silly ADD
205 silly ADD
206 silly ADD
207 silly ADD
208 silly ADD
209 silly ADD
210 silly ADD
211 silly ADD
212 silly ADD
213 silly ADD
214 silly ADD
215 silly ADD
216 silly ADD
217 silly ADD
218 silly ADD
219 silly ADD
220 silly ADD
221 silly ADD
222 silly ADD
223 silly ADD
224 silly ADD
225 silly ADD
226 silly ADD
227 silly ADD
228 silly ADD
229 silly ADD
230 silly ADD
231 silly ADD
232 verbose cwd /Users/jairflores/Downloads/sychat/web
233 verbose os Darwin 25.3.0
234 verbose node v22.22.0
235 verbose npm  v10.9.4
236 verbose exit 0
237 info ok
