0 verbose cli /Users/jairflores/.nvm/versions/node/v22.22.0/bin/node /Users/jairflores/.nvm/versions/node/v22.22.0/bin/npm
1 info using npm@10.9.4
2 info using node@v22.22.0
3 silly config load:file:/Users/jairflores/.nvm/versions/node/v22.22.0/lib/node_modules/npm/npmrc
4 silly config load:file:/Users/jairflores/Downloads/sychat/chat_service/.npmrc
5 silly config load:file:/Users/jairflores/.npmrc
6 silly config load:file:/Users/jairflores/.nvm/versions/node/v22.22.0/etc/npmrc
7 verbose title npm install ws
8 verbose argv "install" "ws"
9 verbose logfile logs-max:10 dir:/Users/jairflores/Downloads/sychat/chat_service/.npm-cache/_logs/2026-02-27T14_39_14_557Z-
10 verbose logfile /Users/jairflores/Downloads/sychat/chat_service/.npm-cache/_logs/2026-02-27T14_39_14_557Z-debug-0.log
11 silly logfile done cleaning log files
12 silly packumentCache heap:2197815296 maxSize:549453824 maxEntrySize:274726912
13 silly idealTree buildDeps
14 silly fetch manifest ws@*
15 silly packumentCache full:https://registry.npmjs.org/ws cache-miss
16 http fetch GET 200 https://registry.npmjs.org/ws 527ms (cache miss)
17 silly packumentCache full:https://registry.npmjs.org/ws set size:undefined disposed:false
18 silly fetch manifest bufferutil@^4.0.1
19 silly packumentCache full:https://registry.npmjs.org/bufferutil cache-miss
20 http fetch GET 200 https://registry.npmjs.org/npm 700ms
21 http fetch GET 200 https://registry.npmjs.org/bufferutil 157ms (cache miss)
22 silly packumentCache full:https://registry.npmjs.org/bufferutil set size:undefined disposed:false
23 silly fetch manifest utf-8-validate@>=5.0.2
24 silly packumentCache full:https://registry.npmjs.org/utf-8-validate cache-miss
25 http fetch GET 200 https://registry.npmjs.org/utf-8-validate 191ms (cache miss)
26 silly packumentCache full:https://registry.npmjs.org/utf-8-validate set size:undefined disposed:false
27 silly placeDep ROOT ws@8.19.0 OK for:  want: *
28 silly reify moves {}
29 http cache ws@https://registry.npmjs.org/ws/-/ws-8.19.0.tgz 0ms (cache hit)
30 silly tarball no local data for ws@https://registry.npmjs.org/ws/-/ws-8.19.0.tgz. Extracting by manifest.
31 http fetch GET 200 https://registry.npmjs.org/ws/-/ws-8.19.0.tgz 191ms (cache miss)
32 silly ADD node_modules/ws
33 verbose cwd /Users/jairflores/Downloads/sychat/chat_service
34 verbose os Darwin 25.3.0
35 verbose node v22.22.0
36 verbose npm  v10.9.4
37 notice
37 notice New major version of npm available! 10.9.4 -> 11.11.0
37 notice Changelog: https://github.com/npm/cli/releases/tag/v11.11.0
37 notice To update run: npm install -g npm@11.11.0
37 notice  { force: true, [Symbol(proc-log.meta)]: true }
38 verbose exit 0
39 info ok
